This file contains any messages produced by compilers while
running configure, to aid debugging if configure makes a mistake.

It was created by yaml configure 0.1.7, which was
generated by GNU Autoconf 2.69.  Invocation command line was

  $ ./configure --prefix=/usr/local

## --------- ##
## Platform. ##
## --------- ##

hostname = k8s02
uname -m = x86_64
uname -r = 3.10.0-862.11.6.el7.x86_64
uname -s = Linux
uname -v = #1 SMP Tue Aug 14 21:49:04 UTC 2018

/usr/bin/uname -p = x86_64
/bin/uname -X     = unknown

/bin/arch              = x86_64
/usr/bin/arch -k       = unknown
/usr/convex/getsysinfo = unknown
/usr/bin/hostinfo      = unknown
/bin/machine           = unknown
/usr/bin/oslevel       = unknown
/bin/universe          = unknown

PATH: /sbin
PATH: /bin
PATH: /usr/sbin
PATH: /usr/bin


## ----------- ##
## Core tests. ##
## ----------- ##

configure:2311: checking for a BSD-compatible install
configure:2379: result: /bin/install -c
configure:2390: checking whether build environment is sane
configure:2445: result: yes
configure:2596: checking for a thread-safe mkdir -p
configure:2635: result: /bin/mkdir -p
configure:2642: checking for gawk
configure:2658: found /bin/gawk
configure:2669: result: gawk
configure:2680: checking whether make sets $(MAKE)
configure:2702: result: yes
configure:2731: checking whether make supports nested variables
configure:2748: result: yes
configure:2949: checking for gcc
configure:2965: found /bin/gcc
configure:2976: result: gcc
configure:3205: checking for C compiler version
configure:3214: gcc --version >&5
gcc (GCC) 4.8.5 20150623 (Red Hat 4.8.5-36)
Copyright (C) 2015 Free Software Foundation, Inc.
This is free software; see the source for copying conditions.  There is NO
warranty; not even for MERCHANTABILITY or FITNESS FOR A PARTICULAR PURPOSE.

configure:3225: $? = 0
configure:3214: gcc -v >&5
Using built-in specs.
COLLECT_GCC=gcc
COLLECT_LTO_WRAPPER=/usr/libexec/gcc/x86_64-redhat-linux/4.8.5/lto-wrapper
Target: x86_64-redhat-linux
Configured with: ../configure --prefix=/usr --mandir=/usr/share/man --infodir=/usr/share/info --with-bugurl=http://bugzilla.redhat.com/bugzilla --enable-bootstrap --enable-shared --enable-threads=posix --enable-checking=release --with-system-zlib --enable-__cxa_atexit --disable-libunwind-exceptions --enable-gnu-unique-object --enable-linker-build-id --with-linker-hash-style=gnu --enable-languages=c,c++,objc,obj-c++,java,fortran,ada,go,lto --enable-plugin --enable-initfini-array --disable-libgcj --with-isl=/builddir/build/BUILD/gcc-4.8.5-20150702/obj-x86_64-redhat-linux/isl-install --with-cloog=/builddir/build/BUILD/gcc-4.8.5-20150702/obj-x86_64-redhat-linux/cloog-install --enable-gnu-indirect-function --with-tune=generic --with-arch_32=x86-64 --build=x86_64-redhat-linux
Thread model: posix
gcc version 4.8.5 20150623 (Red Hat 4.8.5-36) (GCC) 
configure:3225: $? = 0
configure:3214: gcc -V >&5
gcc: error: unrecognized command line option '-V'
gcc: fatal error: no input files
compilation terminated.
configure:3225: $? = 4
configure:3214: gcc -qversion >&5
gcc: error: unrecognized command line option '-qversion'
gcc: fatal error: no input files
compilation terminated.
configure:3225: $? = 4
configure:3245: checking whether the C compiler works
configure:3267: gcc    conftest.c  >&5
configure:3271: $? = 0
configure:3319: result: yes
configure:3322: checking for C compiler default output file name
configure:3324: result: a.out
configure:3330: checking for suffix of executables
configure:3337: gcc -o conftest    conftest.c  >&5
configure:3341: $? = 0
configure:3363: result: 
configure:3385: checking whether we are cross compiling
configure:3393: gcc -o conftest    conftest.c  >&5
configure:3397: $? = 0
configure:3404: ./conftest
configure:3408: $? = 0
configure:3423: result: no
configure:3428: checking for suffix of object files
configure:3450: gcc -c   conftest.c >&5
configure:3454: $? = 0
configure:3475: result: o
configure:3479: checking whether we are using the GNU C compiler
configure:3498: gcc -c   conftest.c >&5
configure:3498: $? = 0
configure:3507: result: yes
configure:3516: checking whether gcc accepts -g
configure:3536: gcc -c -g  conftest.c >&5
configure:3536: $? = 0
configure:3577: result: yes
configure:3594: checking for gcc option to accept ISO C89
configure:3657: gcc  -c -g -O2  conftest.c >&5
configure:3657: $? = 0
configure:3670: result: none needed
configure:3695: checking whether gcc understands -c and -o together
configure:3717: gcc -c conftest.c -o conftest2.o
configure:3720: $? = 0
configure:3717: gcc -c conftest.c -o conftest2.o
configure:3720: $? = 0
configure:3732: result: yes
configure:3760: checking for style of include used by make
configure:3788: result: GNU
configure:3814: checking dependency style of gcc
configure:3925: result: gcc3
configure:3945: checking how to run the C preprocessor
configure:3976: gcc -E  conftest.c
configure:3976: $? = 0
configure:3990: gcc -E  conftest.c
conftest.c:15:28: fatal error: ac_nonexistent.h: No such file or directory
 #include <ac_nonexistent.h>
                            ^
compilation terminated.
configure:3990: $? = 1
configure: failed program was:
| /* confdefs.h */
| #define PACKAGE_NAME "yaml"
| #define PACKAGE_TARNAME "yaml"
| #define PACKAGE_VERSION "0.1.7"
| #define PACKAGE_STRING "yaml 0.1.7"
| #define PACKAGE_BUGREPORT "https://bitbucket.org/xi/libyaml/issues/new"
| #define PACKAGE_URL ""
| #define PACKAGE "yaml"
| #define VERSION "0.1.7"
| #define YAML_VERSION_MAJOR 0
| #define YAML_VERSION_MINOR 1
| #define YAML_VERSION_PATCH 7
| #define YAML_VERSION_STRING "0.1.7"
| /* end confdefs.h.  */
| #include <ac_nonexistent.h>
configure:4015: result: gcc -E
configure:4035: gcc -E  conftest.c
configure:4035: $? = 0
configure:4049: gcc -E  conftest.c
conftest.c:15:28: fatal error: ac_nonexistent.h: No such file or directory
 #include <ac_nonexistent.h>
                            ^
compilation terminated.
configure:4049: $? = 1
configure: failed program was:
| /* confdefs.h */
| #define PACKAGE_NAME "yaml"
| #define PACKAGE_TARNAME "yaml"
| #define PACKAGE_VERSION "0.1.7"
| #define PACKAGE_STRING "yaml 0.1.7"
| #define PACKAGE_BUGREPORT "https://bitbucket.org/xi/libyaml/issues/new"
| #define PACKAGE_URL ""
| #define PACKAGE "yaml"
| #define VERSION "0.1.7"
| #define YAML_VERSION_MAJOR 0
| #define YAML_VERSION_MINOR 1
| #define YAML_VERSION_PATCH 7
| #define YAML_VERSION_STRING "0.1.7"
| /* end confdefs.h.  */
| #include <ac_nonexistent.h>
configure:4078: checking whether ln -s works
configure:4082: result: yes
configure:4089: checking whether make sets $(MAKE)
configure:4111: result: yes
configure:4149: checking build system type
configure:4163: result: x86_64-unknown-linux-gnu
configure:4183: checking host system type
configure:4196: result: x86_64-unknown-linux-gnu
configure:4237: checking how to print strings
configure:4264: result: printf
configure:4285: checking for a sed that does not truncate output
configure:4349: result: /bin/sed
configure:4367: checking for grep that handles long lines and -e
configure:4425: result: /bin/grep
configure:4430: checking for egrep
configure:4492: result: /bin/grep -E
configure:4497: checking for fgrep
configure:4559: result: /bin/grep -F
configure:4594: checking for ld used by gcc
configure:4661: result: /bin/ld
configure:4668: checking if the linker (/bin/ld) is GNU ld
configure:4683: result: yes
configure:4695: checking for BSD- or MS-compatible name lister (nm)
configure:4744: result: /bin/nm -B
configure:4874: checking the name lister (/bin/nm -B) interface
configure:4881: gcc -c -g -O2  conftest.c >&5
configure:4884: /bin/nm -B "conftest.o"
configure:4887: output
0000000000000000 B some_variable
configure:4894: result: BSD nm
configure:4898: checking the maximum length of command line arguments
configure:5029: result: 1572864
configure:5046: checking whether the shell understands some XSI constructs
configure:5056: result: yes
configure:5060: checking whether the shell understands "+="
configure:5066: result: yes
configure:5101: checking how to convert x86_64-unknown-linux-gnu file names to x86_64-unknown-linux-gnu format
configure:5141: result: func_convert_file_noop
configure:5148: checking how to convert x86_64-unknown-linux-gnu file names to toolchain format
configure:5168: result: func_convert_file_noop
configure:5175: checking for /bin/ld option to reload object files
configure:5182: result: -r
configure:5256: checking for objdump
configure:5272: found /bin/objdump
configure:5283: result: objdump
configure:5315: checking how to recognize dependent libraries
configure:5513: result: pass_all
configure:5598: checking for dlltool
configure:5628: result: no
configure:5658: checking how to associate runtime and link libraries
configure:5685: result: printf %s\n
configure:5746: checking for ar
configure:5762: found /bin/ar
configure:5773: result: ar
configure:5810: checking for archiver @FILE support
configure:5827: gcc -c -g -O2  conftest.c >&5
configure:5827: $? = 0
configure:5830: ar cru libconftest.a @conftest.lst >&5
configure:5833: $? = 0
configure:5838: ar cru libconftest.a @conftest.lst >&5
ar: conftest.o: No such file or directory
configure:5841: $? = 1
configure:5853: result: @
configure:5911: checking for strip
configure:5927: found /bin/strip
configure:5938: result: strip
configure:6010: checking for ranlib
configure:6026: found /bin/ranlib
configure:6037: result: ranlib
configure:6139: checking command to parse /bin/nm -B output from gcc object
configure:6259: gcc -c -g -O2  conftest.c >&5
configure:6262: $? = 0
configure:6266: /bin/nm -B conftest.o \| sed -n -e 's/^.*[ ]\([ABCDGIRSTW][ABCDGIRSTW]*\)[ ][ ]*\([_A-Za-z][_A-Za-z0-9]*\)$/\1 \2 \2/p' | sed '/ __gnu_lto/d' \> conftest.nm
configure:6269: $? = 0
configure:6335: gcc -o conftest -g -O2   conftest.c conftstm.o >&5
configure:6338: $? = 0
configure:6376: result: ok
configure:6413: checking for sysroot
configure:6443: result: no
configure:6520: gcc -c -g -O2  conftest.c >&5
configure:6523: $? = 0
configure:6712: checking for mt
configure:6742: result: no
configure:6762: checking if : is a manifest tool
configure:6768: : '-?'
configure:6776: result: no
configure:7414: checking for ANSI C header files
configure:7434: gcc -c -g -O2  conftest.c >&5
configure:7434: $? = 0
configure:7507: gcc -o conftest -g -O2   conftest.c  >&5
configure:7507: $? = 0
configure:7507: ./conftest
configure:7507: $? = 0
configure:7518: result: yes
configure:7531: checking for sys/types.h
configure:7531: gcc -c -g -O2  conftest.c >&5
configure:7531: $? = 0
configure:7531: result: yes
configure:7531: checking for sys/stat.h
configure:7531: gcc -c -g -O2  conftest.c >&5
configure:7531: $? = 0
configure:7531: result: yes
configure:7531: checking for stdlib.h
configure:7531: gcc -c -g -O2  conftest.c >&5
configure:7531: $? = 0
configure:7531: result: yes
configure:7531: checking for string.h
configure:7531: gcc -c -g -O2  conftest.c >&5
configure:7531: $? = 0
configure:7531: result: yes
configure:7531: checking for memory.h
configure:7531: gcc -c -g -O2  conftest.c >&5
configure:7531: $? = 0
configure:7531: result: yes
configure:7531: checking for strings.h
configure:7531: gcc -c -g -O2  conftest.c >&5
configure:7531: $? = 0
configure:7531: result: yes
configure:7531: checking for inttypes.h
configure:7531: gcc -c -g -O2  conftest.c >&5
configure:7531: $? = 0
configure:7531: result: yes
configure:7531: checking for stdint.h
configure:7531: gcc -c -g -O2  conftest.c >&5
configure:7531: $? = 0
configure:7531: result: yes
configure:7531: checking for unistd.h
configure:7531: gcc -c -g -O2  conftest.c >&5
configure:7531: $? = 0
configure:7531: result: yes
configure:7545: checking for dlfcn.h
configure:7545: gcc -c -g -O2  conftest.c >&5
configure:7545: $? = 0
configure:7545: result: yes
configure:7751: checking for objdir
configure:7766: result: .libs
configure:8033: checking if gcc supports -fno-rtti -fno-exceptions
configure:8051: gcc -c -g -O2  -fno-rtti -fno-exceptions conftest.c >&5
cc1: warning: command line option '-fno-rtti' is valid for C++/ObjC++ but not for C [enabled by default]
configure:8055: $? = 0
configure:8068: result: no
configure:8395: checking for gcc option to produce PIC
configure:8402: result: -fPIC -DPIC
configure:8410: checking if gcc PIC flag -fPIC -DPIC works
configure:8428: gcc -c -g -O2  -fPIC -DPIC -DPIC conftest.c >&5
configure:8432: $? = 0
configure:8445: result: yes
configure:8474: checking if gcc static flag -static works
configure:8502: result: no
configure:8517: checking if gcc supports -c -o file.o
configure:8538: gcc -c -g -O2  -o out/conftest2.o conftest.c >&5
configure:8542: $? = 0
configure:8564: result: yes
configure:8572: checking if gcc supports -c -o file.o
configure:8619: result: yes
configure:8652: checking whether the gcc linker (/bin/ld -m elf_x86_64) supports shared libraries
configure:9809: result: yes
configure:9846: checking whether -lc should be explicitly linked in
configure:9854: gcc -c -g -O2  conftest.c >&5
configure:9857: $? = 0
configure:9872: gcc -shared  -fPIC -DPIC conftest.o  -v -Wl,-soname -Wl,conftest -o conftest 2\>\&1 \| /bin/grep  -lc  \>/dev/null 2\>\&1
configure:9875: $? = 0
configure:9889: result: no
configure:10049: checking dynamic linker characteristics
configure:10549: gcc -o conftest -g -O2   -Wl,-rpath -Wl,/foo conftest.c  >&5
configure:10549: $? = 0
configure:10783: result: GNU/Linux ld.so
configure:10890: checking how to hardcode library paths into programs
configure:10915: result: immediate
configure:11455: checking whether stripping libraries is possible
configure:11460: result: yes
configure:11495: checking if libtool supports shared libraries
configure:11497: result: yes
configure:11500: checking whether to build shared libraries
configure:11521: result: yes
configure:11524: checking whether to build static libraries
configure:11528: result: yes
configure:11568: checking for doxygen
configure:11596: result: false
configure:11614: checking for ANSI C header files
configure:11718: result: yes
configure:11728: checking for stdlib.h
configure:11728: result: yes
configure:11740: checking for an ANSI C-conforming const
configure:11806: gcc -c -g -O2  conftest.c >&5
configure:11806: $? = 0
configure:11813: result: yes
configure:11821: checking for size_t
configure:11821: gcc -c -g -O2  conftest.c >&5
configure:11821: $? = 0
configure:11821: gcc -c -g -O2  conftest.c >&5
conftest.c: In function 'main':
conftest.c:65:21: error: expected expression before ')' token
 if (sizeof ((size_t)))
                     ^
configure:11821: $? = 1
configure: failed program was:
| /* confdefs.h */
| #define PACKAGE_NAME "yaml"
| #define PACKAGE_TARNAME "yaml"
| #define PACKAGE_VERSION "0.1.7"
| #define PACKAGE_STRING "yaml 0.1.7"
| #define PACKAGE_BUGREPORT "https://bitbucket.org/xi/libyaml/issues/new"
| #define PACKAGE_URL ""
| #define PACKAGE "yaml"
| #define VERSION "0.1.7"
| #define YAML_VERSION_MAJOR 0
| #define YAML_VERSION_MINOR 1
| #define YAML_VERSION_PATCH 7
| #define YAML_VERSION_STRING "0.1.7"
| #define STDC_HEADERS 1
| #define HAVE_SYS_TYPES_H 1
| #define HAVE_SYS_STAT_H 1
| #define HAVE_STDLIB_H 1
| #define HAVE_STRING_H 1
| #define HAVE_MEMORY_H 1
| #define HAVE_STRINGS_H 1
| #define HAVE_INTTYPES_H 1
| #define HAVE_STDINT_H 1
| #define HAVE_UNISTD_H 1
| #define HAVE_DLFCN_H 1
| #define LT_OBJDIR ".libs/"
| #define STDC_HEADERS 1
| #define HAVE_STDLIB_H 1
| /* end confdefs.h.  */
| #include <stdio.h>
| #ifdef HAVE_SYS_TYPES_H
| # include <sys/types.h>
| #endif
| #ifdef HAVE_SYS_STAT_H
| # include <sys/stat.h>
| #endif
| #ifdef STDC_HEADERS
| # include <stdlib.h>
| # include <stddef.h>
| #else
| # ifdef HAVE_STDLIB_H
| #  include <stdlib.h>
| # endif
| #endif
| #ifdef HAVE_STRING_H
| # if !defined STDC_HEADERS && defined HAVE_MEMORY_H
| #  include <memory.h>
| # endif
| # include <string.h>
| #endif
| #ifdef HAVE_STRINGS_H
| # include <strings.h>
| #endif
| #ifdef HAVE_INTTYPES_H
| # include <inttypes.h>
| #endif
| #ifdef HAVE_STDINT_H
| # include <stdint.h>
| #endif
| #ifdef HAVE_UNISTD_H
| # include <unistd.h>
| #endif
| int
| main ()
| {
| if (sizeof ((size_t)))
| 	    return 0;
|   ;
|   return 0;
| }
configure:11821: result: yes
configure:11947: checking that generated files are newer than configure
configure:11953: result: done
configure:11980: creating ./config.status

## ---------------------- ##
## Running config.status. ##
## ---------------------- ##

This file was extended by yaml config.status 0.1.7, which was
generated by GNU Autoconf 2.69.  Invocation command line was

  CONFIG_FILES    = 
  CONFIG_HEADERS  = 
  CONFIG_LINKS    = 
  CONFIG_COMMANDS = 
  $ ./config.status 

on k8s02

config.status:1098: creating yaml-0.1.pc
config.status:1098: creating include/Makefile
config.status:1098: creating src/Makefile
config.status:1098: creating Makefile
config.status:1098: creating tests/Makefile
config.status:1098: creating win32/Makefile
config.status:1098: creating config.h
config.status:1279: config.h is unchanged
config.status:1327: executing depfiles commands
config.status:1327: executing libtool commands

## ---------------- ##
## Cache variables. ##
## ---------------- ##

ac_cv_build=x86_64-unknown-linux-gnu
ac_cv_c_compiler_gnu=yes
ac_cv_c_const=yes
ac_cv_env_CC_set=
ac_cv_env_CC_value=
ac_cv_env_CFLAGS_set=
ac_cv_env_CFLAGS_value=
ac_cv_env_CPPFLAGS_set=
ac_cv_env_CPPFLAGS_value=
ac_cv_env_CPP_set=
ac_cv_env_CPP_value=
ac_cv_env_LDFLAGS_set=
ac_cv_env_LDFLAGS_value=
ac_cv_env_LIBS_set=
ac_cv_env_LIBS_value=
ac_cv_env_build_alias_set=
ac_cv_env_build_alias_value=
ac_cv_env_host_alias_set=
ac_cv_env_host_alias_value=
ac_cv_env_target_alias_set=
ac_cv_env_target_alias_value=
ac_cv_header_dlfcn_h=yes
ac_cv_header_inttypes_h=yes
ac_cv_header_memory_h=yes
ac_cv_header_stdc=yes
ac_cv_header_stdint_h=yes
ac_cv_header_stdlib_h=yes
ac_cv_header_string_h=yes
ac_cv_header_strings_h=yes
ac_cv_header_sys_stat_h=yes
ac_cv_header_sys_types_h=yes
ac_cv_header_unistd_h=yes
ac_cv_host=x86_64-unknown-linux-gnu
ac_cv_objext=o
ac_cv_path_EGREP='/bin/grep -E'
ac_cv_path_FGREP='/bin/grep -F'
ac_cv_path_GREP=/bin/grep
ac_cv_path_SED=/bin/sed
ac_cv_path_install='/bin/install -c'
ac_cv_path_mkdir=/bin/mkdir
ac_cv_prog_AWK=gawk
ac_cv_prog_CPP='gcc -E'
ac_cv_prog_DOXYGEN=false
ac_cv_prog_ac_ct_AR=ar
ac_cv_prog_ac_ct_CC=gcc
ac_cv_prog_ac_ct_OBJDUMP=objdump
ac_cv_prog_ac_ct_RANLIB=ranlib
ac_cv_prog_ac_ct_STRIP=strip
ac_cv_prog_cc_c89=
ac_cv_prog_cc_g=yes
ac_cv_prog_make_make_set=yes
ac_cv_type_size_t=yes
am_cv_CC_dependencies_compiler_type=gcc3
am_cv_make_support_nested_variables=yes
am_cv_prog_cc_c_o=yes
lt_cv_ar_at_file=@
lt_cv_archive_cmds_need_lc=no
lt_cv_deplibs_check_method=pass_all
lt_cv_file_magic_cmd='$MAGIC_CMD'
lt_cv_file_magic_test_file=
lt_cv_ld_reload_flag=-r
lt_cv_nm_interface='BSD nm'
lt_cv_objdir=.libs
lt_cv_path_LD=/bin/ld
lt_cv_path_NM='/bin/nm -B'
lt_cv_path_mainfest_tool=no
lt_cv_prog_compiler_c_o=yes
lt_cv_prog_compiler_pic='-fPIC -DPIC'
lt_cv_prog_compiler_pic_works=yes
lt_cv_prog_compiler_rtti_exceptions=no
lt_cv_prog_compiler_static_works=no
lt_cv_prog_gnu_ld=yes
lt_cv_sharedlib_from_linklib_cmd='printf %s\n'
lt_cv_shlibpath_overrides_runpath=no
lt_cv_sys_global_symbol_pipe='sed -n -e '\''s/^.*[	 ]\([ABCDGIRSTW][ABCDGIRSTW]*\)[	 ][	 ]*\([_A-Za-z][_A-Za-z0-9]*\)$/\1 \2 \2/p'\'' | sed '\''/ __gnu_lto/d'\'''
lt_cv_sys_global_symbol_to_c_name_address='sed -n -e '\''s/^: \([^ ]*\)[ ]*$/  {\"\1\", (void *) 0},/p'\'' -e '\''s/^[ABCDGIRSTW]* \([^ ]*\) \([^ ]*\)$/  {"\2", (void *) \&\2},/p'\'''
lt_cv_sys_global_symbol_to_c_name_address_lib_prefix='sed -n -e '\''s/^: \([^ ]*\)[ ]*$/  {\"\1\", (void *) 0},/p'\'' -e '\''s/^[ABCDGIRSTW]* \([^ ]*\) \(lib[^ ]*\)$/  {"\2", (void *) \&\2},/p'\'' -e '\''s/^[ABCDGIRSTW]* \([^ ]*\) \([^ ]*\)$/  {"lib\2", (void *) \&\2},/p'\'''
lt_cv_sys_global_symbol_to_cdecl='sed -n -e '\''s/^T .* \(.*\)$/extern int \1();/p'\'' -e '\''s/^[ABCDGIRSTW]* .* \(.*\)$/extern char \1;/p'\'''
lt_cv_sys_max_cmd_len=1572864
lt_cv_to_host_file_cmd=func_convert_file_noop
lt_cv_to_tool_file_cmd=func_convert_file_noop

## ----------------- ##
## Output variables. ##
## ----------------- ##

ACLOCAL='${SHELL} /home/k8s/cloudlink-meeting-deploy/images/ansible/yaml-0.1.7/config/missing aclocal-1.14'
AMDEPBACKSLASH='\'
AMDEP_FALSE='#'
AMDEP_TRUE=''
AMTAR='$${TAR-tar}'
AM_BACKSLASH='\'
AM_DEFAULT_V='$(AM_DEFAULT_VERBOSITY)'
AM_DEFAULT_VERBOSITY='1'
AM_V='$(V)'
AR='ar'
AUTOCONF='${SHELL} /home/k8s/cloudlink-meeting-deploy/images/ansible/yaml-0.1.7/config/missing autoconf'
AUTOHEADER='${SHELL} /home/k8s/cloudlink-meeting-deploy/images/ansible/yaml-0.1.7/config/missing autoheader'
AUTOMAKE='${SHELL} /home/k8s/cloudlink-meeting-deploy/images/ansible/yaml-0.1.7/config/missing automake-1.14'
AWK='gawk'
CC='gcc'
CCDEPMODE='depmode=gcc3'
CFLAGS='-g -O2'
CPP='gcc -E'
CPPFLAGS=''
CYGPATH_W='echo'
DEFS='-DHAVE_CONFIG_H'
DEPDIR='.deps'
DLLTOOL='false'
DOXYGEN='false'
DOXYGEN_FALSE=''
DOXYGEN_TRUE='#'
DSYMUTIL=''
DUMPBIN=''
ECHO_C=''
ECHO_N='-n'
ECHO_T=''
EGREP='/bin/grep -E'
EXEEXT=''
FGREP='/bin/grep -F'
GREP='/bin/grep'
INSTALL_DATA='${INSTALL} -m 644'
INSTALL_PROGRAM='${INSTALL}'
INSTALL_SCRIPT='${INSTALL}'
INSTALL_STRIP_PROGRAM='$(install_sh) -c -s'
LD='/bin/ld -m elf_x86_64'
LDFLAGS=''
LIBOBJS=''
LIBS=''
LIBTOOL='$(SHELL) $(top_builddir)/libtool'
LIPO=''
LN_S='ln -s'
LTLIBOBJS=''
MAKEINFO='${SHELL} /home/k8s/cloudlink-meeting-deploy/images/ansible/yaml-0.1.7/config/missing makeinfo'
MANIFEST_TOOL=':'
MKDIR_P='/bin/mkdir -p'
NM='/bin/nm -B'
NMEDIT=''
OBJDUMP='objdump'
OBJEXT='o'
OTOOL64=''
OTOOL=''
PACKAGE='yaml'
PACKAGE_BUGREPORT='https://bitbucket.org/xi/libyaml/issues/new'
PACKAGE_NAME='yaml'
PACKAGE_STRING='yaml 0.1.7'
PACKAGE_TARNAME='yaml'
PACKAGE_URL=''
PACKAGE_VERSION='0.1.7'
PATH_SEPARATOR=':'
RANLIB='ranlib'
SED='/bin/sed'
SET_MAKE=''
SHELL='/bin/sh'
STRIP='strip'
VERSION='0.1.7'
YAML_LT_AGE='0'
YAML_LT_CURRENT='2'
YAML_LT_RELEASE='0'
YAML_LT_REVISION='5'
ac_ct_AR='ar'
ac_ct_CC='gcc'
ac_ct_DUMPBIN=''
am__EXEEXT_FALSE=''
am__EXEEXT_TRUE='#'
am__fastdepCC_FALSE='#'
am__fastdepCC_TRUE=''
am__include='include'
am__isrc=''
am__leading_dot='.'
am__nodep='_no'
am__quote=''
am__tar='$${TAR-tar} chof - "$$tardir"'
am__untar='$${TAR-tar} xf -'
bindir='${exec_prefix}/bin'
build='x86_64-unknown-linux-gnu'
build_alias=''
build_cpu='x86_64'
build_os='linux-gnu'
build_vendor='unknown'
datadir='${datarootdir}'
datarootdir='${prefix}/share'
docdir='${datarootdir}/doc/${PACKAGE_TARNAME}'
dvidir='${docdir}'
exec_prefix='${prefix}'
host='x86_64-unknown-linux-gnu'
host_alias=''
host_cpu='x86_64'
host_os='linux-gnu'
host_vendor='unknown'
htmldir='${docdir}'
includedir='${prefix}/include'
infodir='${datarootdir}/info'
install_sh='${SHELL} /home/k8s/cloudlink-meeting-deploy/images/ansible/yaml-0.1.7/config/install-sh'
libdir='${exec_prefix}/lib'
libexecdir='${exec_prefix}/libexec'
localedir='${datarootdir}/locale'
localstatedir='${prefix}/var'
mandir='${datarootdir}/man'
mkdir_p='$(MKDIR_P)'
oldincludedir='/usr/include'
pdfdir='${docdir}'
prefix='/usr/local'
program_transform_name='s,x,x,'
psdir='${docdir}'
sbindir='${exec_prefix}/sbin'
sharedstatedir='${prefix}/com'
sysconfdir='${prefix}/etc'
target_alias=''

## ----------- ##
## confdefs.h. ##
## ----------- ##

/* confdefs.h */
#define PACKAGE_NAME "yaml"
#define PACKAGE_TARNAME "yaml"
#define PACKAGE_VERSION "0.1.7"
#define PACKAGE_STRING "yaml 0.1.7"
#define PACKAGE_BUGREPORT "https://bitbucket.org/xi/libyaml/issues/new"
#define PACKAGE_URL ""
#define PACKAGE "yaml"
#define VERSION "0.1.7"
#define YAML_VERSION_MAJOR 0
#define YAML_VERSION_MINOR 1
#define YAML_VERSION_PATCH 7
#define YAML_VERSION_STRING "0.1.7"
#define STDC_HEADERS 1
#define HAVE_SYS_TYPES_H 1
#define HAVE_SYS_STAT_H 1
#define HAVE_STDLIB_H 1
#define HAVE_STRING_H 1
#define HAVE_MEMORY_H 1
#define HAVE_STRINGS_H 1
#define HAVE_INTTYPES_H 1
#define HAVE_STDINT_H 1
#define HAVE_UNISTD_H 1
#define HAVE_DLFCN_H 1
#define LT_OBJDIR ".libs/"
#define STDC_HEADERS 1
#define HAVE_STDLIB_H 1

configure: exit 0
